[     583ms] [ERROR] Failed to load resource: the server responded with a status of 500 (Internal Server Error) @ http://localhost:3000/:0
[     717ms] [INFO] %cDownload the React DevTools for a better development experience: https://react.dev/link/react-devtools font-weight:bold @ http://localhost:3000/_next/static/chunks/0t86_next_dist_0nieyum._.js:2477
[     821ms] [LOG] [HMR] connected @ http://localhost:3000/_next/static/chunks/0t86_next_dist_0nieyum._.js:2477
[     888ms] Error: Couldn't find next-intl config file. Please follow the instructions at https://next-intl.dev/docs/getting-started/app-router
    at LocaleLayout (about://React/Server/D:%5CClaude%20Code%5Ctechweltit%5C.next%5Cdev%5Cserver%5Cchunks%5Cssr%5C%5Broot-of-the-server%5D__1zlzvma._.js?0:298:287)
    at resolveErrorDev (http://localhost:3000/_next/static/chunks/0t86_next_dist_compiled_react-server-dom-turbopack_1x7j4z6._.js:1919:105)
    at processFullStringRow (http://localhost:3000/_next/static/chunks/0t86_next_dist_compiled_react-server-dom-turbopack_1x7j4z6._.js:2434:29)
    at processFullBinaryRow (http://localhost:3000/_next/static/chunks/0t86_next_dist_compiled_react-server-dom-turbopack_1x7j4z6._.js:2393:9)
    at processBinaryChunk (http://localhost:3000/_next/static/chunks/0t86_next_dist_compiled_react-server-dom-turbopack_1x7j4z6._.js:2502:221)
    at progress (http://localhost:3000/_next/static/chunks/0t86_next_dist_compiled_react-server-dom-turbopack_1x7j4z6._.js:2689:13)
[    1899ms] [LOG] [Fast Refresh] rebuilding @ http://localhost:3000/_next/static/chunks/0t86_next_dist_0nieyum._.js:2477
[    2080ms] [LOG] [Fast Refresh] done in 285ms @ http://localhost:3000/_next/static/chunks/0t86_next_dist_0nieyum._.js:2477
[    2097ms] [ERROR] Failed to load resource: the server responded with a status of 404 (Not Found) @ http://localhost:3000/favicon.ico:0
[    5921ms] [WARNING] The resource http://localhost:3000/_next/static/media/017d9bea37084d9b-s.p.41rroleoq1br7.woff2 was preloaded using link preload but not used within a few seconds from the window's load event. Please make sure it has an appropriate `as` value and it is preloaded intentionally. @ http://localhost:3000/:0
[    5921ms] [WARNING] The resource http://localhost:3000/_next/static/media/c47649aa31f9e140-s.p.3lxpqujs87tck.woff2 was preloaded using link preload but not used within a few seconds from the window's load event. Please make sure it has an appropriate `as` value and it is preloaded intentionally. @ http://localhost:3000/:0
[    5921ms] [WARNING] The resource http://localhost:3000/_next/static/chunks/%5Broot-of-the-server%5D__0e6tizk._.css was preloaded using link preload but not used within a few seconds from the window's load event. Please make sure it has an appropriate `as` value and it is preloaded intentionally. @ http://localhost:3000/:0
[   41549ms] [ERROR] WebSocket connection to 'ws://localhost:3000/_next/webpack-hmr?id=Hlz_jCICF74B9-78_DEo5' failed: Error in connection establishment: net::ERR_CONNECTION_REFUSED @ http://localhost:3000/_next/static/chunks/0t86_next_dist_client_0d32clq._.js:13422
[   44911ms] [ERROR] WebSocket connection to 'ws://localhost:3000/_next/webpack-hmr?id=Hlz_jCICF74B9-78_DEo5' failed: Error in connection establishment: net::ERR_CONNECTION_REFUSED @ http://localhost:3000/_next/static/chunks/0t86_next_dist_client_0d32clq._.js:13422
[   48260ms] [ERROR] WebSocket connection to 'ws://localhost:3000/_next/webpack-hmr?id=Hlz_jCICF74B9-78_DEo5' failed: Error in connection establishment: net::ERR_CONNECTION_REFUSED @ http://localhost:3000/_next/static/chunks/0t86_next_dist_client_0d32clq._.js:13422
[   51612ms] [ERROR] WebSocket connection to 'ws://localhost:3000/_next/webpack-hmr?id=Hlz_jCICF74B9-78_DEo5' failed: Error in connection establishment: net::ERR_CONNECTION_REFUSED @ http://localhost:3000/_next/static/chunks/0t86_next_dist_client_0d32clq._.js:13422
[   54975ms] [ERROR] WebSocket connection to 'ws://localhost:3000/_next/webpack-hmr?id=Hlz_jCICF74B9-78_DEo5' failed: Error in connection establishment: net::ERR_CONNECTION_REFUSED @ http://localhost:3000/_next/static/chunks/0t86_next_dist_client_0d32clq._.js:13422
[   62327ms] [ERROR] WebSocket connection to 'ws://localhost:3000/_next/webpack-hmr?id=Hlz_jCICF74B9-78_DEo5' failed: Error in connection establishment: net::ERR_CONNECTION_REFUSED @ http://localhost:3000/_next/static/chunks/0t86_next_dist_client_0d32clq._.js:13422
[   69655ms] [ERROR] WebSocket connection to 'ws://localhost:3000/_next/webpack-hmr?id=Hlz_jCICF74B9-78_DEo5' failed: Error in connection establishment: net::ERR_CONNECTION_REFUSED @ http://localhost:3000/_next/static/chunks/0t86_next_dist_client_0d32clq._.js:13422
[   77037ms] [ERROR] WebSocket connection to 'ws://localhost:3000/_next/webpack-hmr?id=Hlz_jCICF74B9-78_DEo5' failed: Error in connection establishment: net::ERR_CONNECTION_REFUSED @ http://localhost:3000/_next/static/chunks/0t86_next_dist_client_0d32clq._.js:13422
[   84408ms] [ERROR] WebSocket connection to 'ws://localhost:3000/_next/webpack-hmr?id=Hlz_jCICF74B9-78_DEo5' failed: Error in connection establishment: net::ERR_CONNECTION_REFUSED @ http://localhost:3000/_next/static/chunks/0t86_next_dist_client_0d32clq._.js:13422
[   91761ms] [ERROR] WebSocket connection to 'ws://localhost:3000/_next/webpack-hmr?id=Hlz_jCICF74B9-78_DEo5' failed: Error in connection establishment: net::ERR_CONNECTION_REFUSED @ http://localhost:3000/_next/static/chunks/0t86_next_dist_client_0d32clq._.js:13422
[   99111ms] [ERROR] WebSocket connection to 'ws://localhost:3000/_next/webpack-hmr?id=Hlz_jCICF74B9-78_DEo5' failed: Error in connection establishment: net::ERR_CONNECTION_REFUSED @ http://localhost:3000/_next/static/chunks/0t86_next_dist_client_0d32clq._.js:13422
[  106499ms] [ERROR] WebSocket connection to 'ws://localhost:3000/_next/webpack-hmr?id=Hlz_jCICF74B9-78_DEo5' failed: Error in connection establishment: net::ERR_CONNECTION_REFUSED @ http://localhost:3000/_next/static/chunks/0t86_next_dist_client_0d32clq._.js:13422
